{"/Users/rajenderreddyburgupally/Downloads/nodejs-restapi-postgresql-ts-main/config/db.config.ts": {"path":"/Users/rajenderreddyburgupally/Downloads/nodejs-restapi-postgresql-ts-main/config/db.config.ts","statementMap":{"0":{"start":{"line":1,"column":0},"end":{"line":1,"column":48}},"1":{"start":{"line":2,"column":0},"end":{"line":2,"column":50}},"2":{"start":{"line":3,"column":0},"end":{"line":3,"column":44}},"3":{"start":{"line":4,"column":0},"end":{"line":4,"column":50}},"4":{"start":{"line":6,"column":23},"end":{"line":39,"column":1}},"5":{"start":{"line":8,"column":21},"end":{"line":8,"column":37}},"6":{"start":{"line":9,"column":21},"end":{"line":9,"column":37}},"7":{"start":{"line":10,"column":21},"end":{"line":10,"column":41}},"8":{"start":{"line":11,"column":21},"end":{"line":11,"column":35}},"9":{"start":{"line":12,"column":25},"end":{"line":12,"column":44}},"10":{"start":{"line":14,"column":4},"end":{"line":14,"column":null}},"11":{"start":{"line":16,"column":34},"end":{"line":16,"column":39}},"12":{"start":{"line":18,"column":22},"end":{"line":29,"column":6}},"13":{"start":{"line":31,"column":4},"end":{"line":31,"column":53}},"14":{"start":{"line":33,"column":20},"end":{"line":33,"column":22}},"15":{"start":{"line":34,"column":4},"end":{"line":34,"column":29}},"16":{"start":{"line":35,"column":4},"end":{"line":35,"column":29}},"17":{"start":{"line":37,"column":4},"end":{"line":37,"column":14}},"18":{"start":{"line":6,"column":13},"end":{"line":6,"column":23}}},"fnMap":{"0":{"name":"(anonymous_0)","decl":{"start":{"line":6,"column":23},"end":{"line":6,"column":26}},"loc":{"start":{"line":6,"column":28},"end":{"line":39,"column":1}}}},"branchMap":{},"s":{"0":7,"1":7,"2":7,"3":7,"4":7,"5":0,"6":0,"7":0,"8":0,"9":0,"10":0,"11":0,"12":0,"13":0,"14":0,"15":0,"16":0,"17":0,"18":7},"f":{"0":0},"b":{}}
,"/Users/rajenderreddyburgupally/Downloads/nodejs-restapi-postgresql-ts-main/controller/network.controller.ts": {"path":"/Users/rajenderreddyburgupally/Downloads/nodejs-restapi-postgresql-ts-main/controller/network.controller.ts","statementMap":{"0":{"start":{"line":1,"column":0},"end":{"line":1,"column":49}},"1":{"start":{"line":2,"column":0},"end":{"line":2,"column":60}},"2":{"start":{"line":10,"column":8},"end":{"line":10,"column":51}},"3":{"start":{"line":11,"column":8},"end":{"line":11,"column":null}},"4":{"start":{"line":15,"column":8},"end":{"line":15,"column":null}},"5":{"start":{"line":16,"column":8},"end":{"line":16,"column":55}},"6":{"start":{"line":20,"column":8},"end":{"line":20,"column":63}},"7":{"start":{"line":21,"column":8},"end":{"line":21,"column":64}},"8":{"start":{"line":25,"column":8},"end":{"line":25,"column":63}},"9":{"start":{"line":26,"column":8},"end":{"line":26,"column":64}},"10":{"start":{"line":30,"column":8},"end":{"line":30,"column":65}},"11":{"start":{"line":31,"column":8},"end":{"line":31,"column":66}},"12":{"start":{"line":4,"column":0},"end":{"line":4,"column":13}}},"fnMap":{"0":{"name":"(anonymous_7)","decl":{"start":{"line":9,"column":4},"end":{"line":9,"column":null}},"loc":{"start":{"line":9,"column":4},"end":{"line":12,"column":5}}},"1":{"name":"(anonymous_8)","decl":{"start":{"line":14,"column":10},"end":{"line":14,"column":21}},"loc":{"start":{"line":14,"column":21},"end":{"line":17,"column":null}}},"2":{"name":"(anonymous_10)","decl":{"start":{"line":19,"column":10},"end":{"line":19,"column":23}},"loc":{"start":{"line":19,"column":31},"end":{"line":22,"column":null}}},"3":{"name":"(anonymous_12)","decl":{"start":{"line":24,"column":10},"end":{"line":24,"column":23}},"loc":{"start":{"line":24,"column":31},"end":{"line":27,"column":null}}},"4":{"name":"(anonymous_14)","decl":{"start":{"line":29,"column":10},"end":{"line":29,"column":23}},"loc":{"start":{"line":29,"column":33},"end":{"line":32,"column":null}}}},"branchMap":{},"s":{"0":1,"1":1,"2":1,"3":1,"4":0,"5":0,"6":0,"7":0,"8":0,"9":0,"10":0,"11":0,"12":1},"f":{"0":1,"1":0,"2":0,"3":0,"4":0},"b":{}}
,"/Users/rajenderreddyburgupally/Downloads/nodejs-restapi-postgresql-ts-main/controller/package.controller.ts": {"path":"/Users/rajenderreddyburgupally/Downloads/nodejs-restapi-postgresql-ts-main/controller/package.controller.ts","statementMap":{"0":{"start":{"line":1,"column":0},"end":{"line":1,"column":49}},"1":{"start":{"line":2,"column":0},"end":{"line":2,"column":60}},"2":{"start":{"line":10,"column":8},"end":{"line":10,"column":51}},"3":{"start":{"line":11,"column":8},"end":{"line":11,"column":null}},"4":{"start":{"line":15,"column":8},"end":{"line":15,"column":null}},"5":{"start":{"line":16,"column":8},"end":{"line":16,"column":55}},"6":{"start":{"line":20,"column":8},"end":{"line":20,"column":null}},"7":{"start":{"line":21,"column":8},"end":{"line":21,"column":67}},"8":{"start":{"line":25,"column":8},"end":{"line":25,"column":64}},"9":{"start":{"line":26,"column":8},"end":{"line":26,"column":65}},"10":{"start":{"line":30,"column":8},"end":{"line":30,"column":64}},"11":{"start":{"line":31,"column":8},"end":{"line":31,"column":65}},"12":{"start":{"line":35,"column":8},"end":{"line":35,"column":65}},"13":{"start":{"line":36,"column":8},"end":{"line":36,"column":66}},"14":{"start":{"line":4,"column":0},"end":{"line":4,"column":13}}},"fnMap":{"0":{"name":"(anonymous_7)","decl":{"start":{"line":9,"column":4},"end":{"line":9,"column":null}},"loc":{"start":{"line":9,"column":4},"end":{"line":12,"column":5}}},"1":{"name":"(anonymous_8)","decl":{"start":{"line":14,"column":10},"end":{"line":14,"column":21}},"loc":{"start":{"line":14,"column":21},"end":{"line":17,"column":null}}},"2":{"name":"(anonymous_10)","decl":{"start":{"line":19,"column":10},"end":{"line":19,"column":24}},"loc":{"start":{"line":19,"column":34},"end":{"line":22,"column":null}}},"3":{"name":"(anonymous_12)","decl":{"start":{"line":24,"column":10},"end":{"line":24,"column":23}},"loc":{"start":{"line":24,"column":32},"end":{"line":27,"column":null}}},"4":{"name":"(anonymous_14)","decl":{"start":{"line":29,"column":10},"end":{"line":29,"column":23}},"loc":{"start":{"line":29,"column":32},"end":{"line":32,"column":null}}},"5":{"name":"(anonymous_16)","decl":{"start":{"line":34,"column":10},"end":{"line":34,"column":23}},"loc":{"start":{"line":34,"column":33},"end":{"line":37,"column":null}}}},"branchMap":{},"s":{"0":1,"1":1,"2":1,"3":1,"4":0,"5":0,"6":0,"7":0,"8":0,"9":0,"10":0,"11":0,"12":0,"13":0,"14":1},"f":{"0":1,"1":0,"2":0,"3":0,"4":0,"5":0},"b":{}}
,"/Users/rajenderreddyburgupally/Downloads/nodejs-restapi-postgresql-ts-main/controller/show.controller.ts": {"path":"/Users/rajenderreddyburgupally/Downloads/nodejs-restapi-postgresql-ts-main/controller/show.controller.ts","statementMap":{"0":{"start":{"line":1,"column":0},"end":{"line":1,"column":49}},"1":{"start":{"line":2,"column":0},"end":{"line":2,"column":60}},"2":{"start":{"line":3,"column":0},"end":{"line":3,"column":54}},"3":{"start":{"line":12,"column":8},"end":{"line":12,"column":45}},"4":{"start":{"line":13,"column":8},"end":{"line":13,"column":51}},"5":{"start":{"line":14,"column":8},"end":{"line":14,"column":null}},"6":{"start":{"line":18,"column":8},"end":{"line":18,"column":null}},"7":{"start":{"line":19,"column":8},"end":{"line":19,"column":49}},"8":{"start":{"line":23,"column":8},"end":{"line":23,"column":57}},"9":{"start":{"line":24,"column":8},"end":{"line":24,"column":55}},"10":{"start":{"line":28,"column":8},"end":{"line":28,"column":57}},"11":{"start":{"line":29,"column":8},"end":{"line":29,"column":55}},"12":{"start":{"line":33,"column":8},"end":{"line":33,"column":71}},"13":{"start":{"line":34,"column":8},"end":{"line":34,"column":69}},"14":{"start":{"line":38,"column":8},"end":{"line":38,"column":71}},"15":{"start":{"line":40,"column":25},"end":{"line":40,"column":76}},"16":{"start":{"line":42,"column":8},"end":{"line":42,"column":79}},"17":{"start":{"line":46,"column":8},"end":{"line":46,"column":59}},"18":{"start":{"line":47,"column":8},"end":{"line":47,"column":57}},"19":{"start":{"line":5,"column":0},"end":{"line":5,"column":13}}},"fnMap":{"0":{"name":"(anonymous_7)","decl":{"start":{"line":11,"column":4},"end":{"line":11,"column":null}},"loc":{"start":{"line":11,"column":4},"end":{"line":15,"column":5}}},"1":{"name":"(anonymous_8)","decl":{"start":{"line":17,"column":10},"end":{"line":17,"column":18}},"loc":{"start":{"line":17,"column":18},"end":{"line":20,"column":null}}},"2":{"name":"(anonymous_10)","decl":{"start":{"line":22,"column":10},"end":{"line":22,"column":20}},"loc":{"start":{"line":22,"column":25},"end":{"line":25,"column":null}}},"3":{"name":"(anonymous_12)","decl":{"start":{"line":27,"column":10},"end":{"line":27,"column":20}},"loc":{"start":{"line":27,"column":25},"end":{"line":30,"column":null}}},"4":{"name":"(anonymous_14)","decl":{"start":{"line":32,"column":10},"end":{"line":32,"column":29}},"loc":{"start":{"line":32,"column":39},"end":{"line":35,"column":null}}},"5":{"name":"(anonymous_16)","decl":{"start":{"line":37,"column":10},"end":{"line":37,"column":29}},"loc":{"start":{"line":37,"column":39},"end":{"line":43,"column":null}}},"6":{"name":"(anonymous_18)","decl":{"start":{"line":45,"column":10},"end":{"line":45,"column":20}},"loc":{"start":{"line":45,"column":27},"end":{"line":48,"column":null}}}},"branchMap":{"0":{"loc":{"start":{"line":42,"column":59},"end":{"line":42,"column":77}},"type":"cond-expr","locations":[{"start":{"line":42,"column":67},"end":{"line":42,"column":69}},{"start":{"line":42,"column":59},"end":{"line":42,"column":77}}]},"1":{"loc":{"start":{"line":42,"column":59},"end":{"line":42,"column":69}},"type":"binary-expr","locations":[{"start":{"line":42,"column":59},"end":{"line":42,"column":69}},{"start":{"line":42,"column":59},"end":{"line":42,"column":69}}]}},"s":{"0":1,"1":1,"2":1,"3":1,"4":1,"5":1,"6":0,"7":0,"8":0,"9":0,"10":0,"11":0,"12":0,"13":0,"14":0,"15":0,"16":0,"17":0,"18":0,"19":1},"f":{"0":1,"1":0,"2":0,"3":0,"4":0,"5":0,"6":0},"b":{"0":[0,0],"1":[0,0]}}
,"/Users/rajenderreddyburgupally/Downloads/nodejs-restapi-postgresql-ts-main/logger/api.logger.ts": {"path":"/Users/rajenderreddyburgupally/Downloads/nodejs-restapi-postgresql-ts-main/logger/api.logger.ts","statementMap":{"0":{"start":{"line":1,"column":13},"end":{"line":1,"column":28}},"1":{"start":{"line":3,"column":15},"end":{"line":3,"column":21}},"2":{"start":{"line":9,"column":8},"end":{"line":9,"column":85}},"3":{"start":{"line":13,"column":8},"end":{"line":13,"column":30}},"4":{"start":{"line":6,"column":0},"end":{"line":6,"column":13}}},"fnMap":{"0":{"name":"(anonymous_0)","decl":{"start":{"line":8,"column":4},"end":{"line":8,"column":8}},"loc":{"start":{"line":8,"column":22},"end":{"line":10,"column":5}}},"1":{"name":"(anonymous_1)","decl":{"start":{"line":12,"column":4},"end":{"line":12,"column":9}},"loc":{"start":{"line":12,"column":17},"end":{"line":14,"column":5}}}},"branchMap":{"0":{"loc":{"start":{"line":9,"column":36},"end":{"line":9,"column":81}},"type":"cond-expr","locations":[{"start":{"line":9,"column":56},"end":{"line":9,"column":76}},{"start":{"line":9,"column":79},"end":{"line":9,"column":81}}]}},"s":{"0":3,"1":3,"2":0,"3":0,"4":3},"f":{"0":0,"1":0},"b":{"0":[0,0]}}
,"/Users/rajenderreddyburgupally/Downloads/nodejs-restapi-postgresql-ts-main/model/network.model.ts": {"path":"/Users/rajenderreddyburgupally/Downloads/nodejs-restapi-postgresql-ts-main/model/network.model.ts","statementMap":{"0":{"start":{"line":1,"column":0},"end":{"line":1,"column":68}},"1":{"start":{"line":4,"column":0},"end":{"line":26,"column":null}},"2":{"start":{"line":6,"column":2},"end":{"line":6,"column":null}},"3":{"start":{"line":9,"column":2},"end":{"line":9,"column":null}},"4":{"start":{"line":12,"column":2},"end":{"line":12,"column":null}},"5":{"start":{"line":15,"column":2},"end":{"line":15,"column":null}},"6":{"start":{"line":18,"column":2},"end":{"line":18,"column":null}},"7":{"start":{"line":21,"column":2},"end":{"line":21,"column":null}},"8":{"start":{"line":24,"column":2},"end":{"line":24,"column":null}},"9":{"start":{"line":4,"column":13},"end":{"line":26,"column":null}},"10":{"start":{"line":4,"column":13},"end":{"line":4,"column":21}}},"fnMap":{},"branchMap":{},"s":{"0":7,"1":7,"2":7,"3":7,"4":7,"5":7,"6":7,"7":7,"8":7,"9":7,"10":7},"f":{},"b":{}}
,"/Users/rajenderreddyburgupally/Downloads/nodejs-restapi-postgresql-ts-main/model/package.model.ts": {"path":"/Users/rajenderreddyburgupally/Downloads/nodejs-restapi-postgresql-ts-main/model/package.model.ts","statementMap":{"0":{"start":{"line":1,"column":0},"end":{"line":1,"column":68}},"1":{"start":{"line":4,"column":0},"end":{"line":30,"column":null}},"2":{"start":{"line":7,"column":2},"end":{"line":7,"column":null}},"3":{"start":{"line":10,"column":2},"end":{"line":10,"column":null}},"4":{"start":{"line":13,"column":2},"end":{"line":13,"column":null}},"5":{"start":{"line":16,"column":2},"end":{"line":16,"column":null}},"6":{"start":{"line":19,"column":2},"end":{"line":19,"column":null}},"7":{"start":{"line":22,"column":2},"end":{"line":22,"column":null}},"8":{"start":{"line":25,"column":2},"end":{"line":25,"column":null}},"9":{"start":{"line":28,"column":2},"end":{"line":28,"column":null}},"10":{"start":{"line":4,"column":13},"end":{"line":30,"column":null}},"11":{"start":{"line":4,"column":13},"end":{"line":4,"column":21}}},"fnMap":{},"branchMap":{},"s":{"0":7,"1":7,"2":7,"3":7,"4":7,"5":7,"6":7,"7":7,"8":7,"9":7,"10":7,"11":7},"f":{},"b":{}}
,"/Users/rajenderreddyburgupally/Downloads/nodejs-restapi-postgresql-ts-main/model/show.model.ts": {"path":"/Users/rajenderreddyburgupally/Downloads/nodejs-restapi-postgresql-ts-main/model/show.model.ts","statementMap":{"0":{"start":{"line":1,"column":0},"end":{"line":1,"column":68}},"1":{"start":{"line":4,"column":0},"end":{"line":33,"column":null}},"2":{"start":{"line":7,"column":2},"end":{"line":7,"column":null}},"3":{"start":{"line":10,"column":2},"end":{"line":10,"column":null}},"4":{"start":{"line":13,"column":2},"end":{"line":13,"column":null}},"5":{"start":{"line":16,"column":2},"end":{"line":16,"column":null}},"6":{"start":{"line":19,"column":2},"end":{"line":19,"column":null}},"7":{"start":{"line":22,"column":2},"end":{"line":22,"column":null}},"8":{"start":{"line":25,"column":2},"end":{"line":25,"column":null}},"9":{"start":{"line":28,"column":2},"end":{"line":28,"column":null}},"10":{"start":{"line":31,"column":2},"end":{"line":31,"column":null}},"11":{"start":{"line":4,"column":13},"end":{"line":33,"column":null}},"12":{"start":{"line":4,"column":13},"end":{"line":4,"column":18}}},"fnMap":{},"branchMap":{},"s":{"0":7,"1":7,"2":7,"3":7,"4":7,"5":7,"6":7,"7":7,"8":7,"9":7,"10":7,"11":7,"12":7},"f":{},"b":{}}
,"/Users/rajenderreddyburgupally/Downloads/nodejs-restapi-postgresql-ts-main/repository/network.repository.ts": {"path":"/Users/rajenderreddyburgupally/Downloads/nodejs-restapi-postgresql-ts-main/repository/network.repository.ts","statementMap":{"0":{"start":{"line":1,"column":0},"end":{"line":1,"column":46}},"1":{"start":{"line":3,"column":0},"end":{"line":3,"column":50}},"2":{"start":{"line":8,"column":12},"end":{"line":8,"column":25}},"3":{"start":{"line":12,"column":8},"end":{"line":12,"column":28}},"4":{"start":{"line":14,"column":8},"end":{"line":16,"column":11}},"5":{"start":{"line":15,"column":12},"end":{"line":15,"column":48}},"6":{"start":{"line":17,"column":8},"end":{"line":17,"column":76}},"7":{"start":{"line":22,"column":8},"end":{"line":29,"column":null}},"8":{"start":{"line":23,"column":29},"end":{"line":23,"column":68}},"9":{"start":{"line":24,"column":12},"end":{"line":24,"column":49}},"10":{"start":{"line":25,"column":12},"end":{"line":25,"column":28}},"11":{"start":{"line":27,"column":12},"end":{"line":27,"column":29}},"12":{"start":{"line":28,"column":12},"end":{"line":28,"column":22}},"13":{"start":{"line":33,"column":19},"end":{"line":33,"column":21}},"14":{"start":{"line":34,"column":8},"end":{"line":39,"column":null}},"15":{"start":{"line":35,"column":12},"end":{"line":35,"column":58}},"16":{"start":{"line":36,"column":12},"end":{"line":36,"column":65}},"17":{"start":{"line":38,"column":12},"end":{"line":38,"column":47}},"18":{"start":{"line":40,"column":8},"end":{"line":40,"column":20}},"19":{"start":{"line":44,"column":19},"end":{"line":44,"column":21}},"20":{"start":{"line":45,"column":8},"end":{"line":54,"column":null}},"21":{"start":{"line":46,"column":12},"end":{"line":46,"column":59}},"22":{"start":{"line":47,"column":12},"end":{"line":51,"column":15}},"23":{"start":{"line":53,"column":12},"end":{"line":53,"column":47}},"24":{"start":{"line":55,"column":8},"end":{"line":55,"column":20}},"25":{"start":{"line":59,"column":19},"end":{"line":59,"column":21}},"26":{"start":{"line":60,"column":8},"end":{"line":68,"column":null}},"27":{"start":{"line":61,"column":12},"end":{"line":65,"column":15}},"28":{"start":{"line":67,"column":12},"end":{"line":67,"column":47}},"29":{"start":{"line":69,"column":8},"end":{"line":69,"column":20}},"30":{"start":{"line":5,"column":0},"end":{"line":5,"column":13}}},"fnMap":{"0":{"name":"(anonymous_7)","decl":{"start":{"line":11,"column":4},"end":{"line":11,"column":null}},"loc":{"start":{"line":11,"column":4},"end":{"line":18,"column":5}}},"1":{"name":"(anonymous_8)","decl":{"start":{"line":14,"column":53},"end":{"line":14,"column":56}},"loc":{"start":{"line":14,"column":58},"end":{"line":16,"column":9}}},"2":{"name":"(anonymous_9)","decl":{"start":{"line":20,"column":10},"end":{"line":20,"column":21}},"loc":{"start":{"line":20,"column":21},"end":{"line":30,"column":null}}},"3":{"name":"(anonymous_11)","decl":{"start":{"line":32,"column":10},"end":{"line":32,"column":23}},"loc":{"start":{"line":32,"column":31},"end":{"line":41,"column":null}}},"4":{"name":"(anonymous_13)","decl":{"start":{"line":43,"column":10},"end":{"line":43,"column":23}},"loc":{"start":{"line":43,"column":31},"end":{"line":56,"column":null}}},"5":{"name":"(anonymous_15)","decl":{"start":{"line":58,"column":10},"end":{"line":58,"column":23}},"loc":{"start":{"line":58,"column":33},"end":{"line":70,"column":null}}}},"branchMap":{},"s":{"0":2,"1":2,"2":0,"3":0,"4":0,"5":0,"6":0,"7":0,"8":0,"9":0,"10":0,"11":0,"12":0,"13":0,"14":0,"15":0,"16":0,"17":0,"18":0,"19":0,"20":0,"21":0,"22":0,"23":0,"24":0,"25":0,"26":0,"27":0,"28":0,"29":0,"30":2},"f":{"0":0,"1":0,"2":0,"3":0,"4":0,"5":0},"b":{}}
,"/Users/rajenderreddyburgupally/Downloads/nodejs-restapi-postgresql-ts-main/repository/package.repository.ts": {"path":"/Users/rajenderreddyburgupally/Downloads/nodejs-restapi-postgresql-ts-main/repository/package.repository.ts","statementMap":{"0":{"start":{"line":1,"column":0},"end":{"line":1,"column":46}},"1":{"start":{"line":3,"column":0},"end":{"line":3,"column":50}},"2":{"start":{"line":8,"column":12},"end":{"line":8,"column":25}},"3":{"start":{"line":12,"column":8},"end":{"line":12,"column":28}},"4":{"start":{"line":14,"column":8},"end":{"line":16,"column":11}},"5":{"start":{"line":15,"column":12},"end":{"line":15,"column":48}},"6":{"start":{"line":17,"column":8},"end":{"line":17,"column":76}},"7":{"start":{"line":22,"column":8},"end":{"line":29,"column":null}},"8":{"start":{"line":23,"column":29},"end":{"line":23,"column":68}},"9":{"start":{"line":24,"column":12},"end":{"line":24,"column":49}},"10":{"start":{"line":25,"column":12},"end":{"line":25,"column":28}},"11":{"start":{"line":27,"column":12},"end":{"line":27,"column":29}},"12":{"start":{"line":28,"column":12},"end":{"line":28,"column":22}},"13":{"start":{"line":34,"column":8},"end":{"line":41,"column":null}},"14":{"start":{"line":35,"column":29},"end":{"line":35,"column":78}},"15":{"start":{"line":36,"column":12},"end":{"line":36,"column":49}},"16":{"start":{"line":37,"column":12},"end":{"line":37,"column":28}},"17":{"start":{"line":39,"column":12},"end":{"line":39,"column":29}},"18":{"start":{"line":40,"column":12},"end":{"line":40,"column":22}},"19":{"start":{"line":45,"column":19},"end":{"line":45,"column":21}},"20":{"start":{"line":46,"column":8},"end":{"line":51,"column":null}},"21":{"start":{"line":47,"column":12},"end":{"line":47,"column":59}},"22":{"start":{"line":48,"column":12},"end":{"line":48,"column":66}},"23":{"start":{"line":50,"column":12},"end":{"line":50,"column":47}},"24":{"start":{"line":52,"column":8},"end":{"line":52,"column":20}},"25":{"start":{"line":56,"column":19},"end":{"line":56,"column":21}},"26":{"start":{"line":57,"column":8},"end":{"line":66,"column":null}},"27":{"start":{"line":58,"column":12},"end":{"line":58,"column":60}},"28":{"start":{"line":59,"column":12},"end":{"line":63,"column":15}},"29":{"start":{"line":65,"column":12},"end":{"line":65,"column":47}},"30":{"start":{"line":67,"column":8},"end":{"line":67,"column":20}},"31":{"start":{"line":71,"column":19},"end":{"line":71,"column":21}},"32":{"start":{"line":72,"column":8},"end":{"line":80,"column":null}},"33":{"start":{"line":73,"column":12},"end":{"line":77,"column":15}},"34":{"start":{"line":79,"column":12},"end":{"line":79,"column":47}},"35":{"start":{"line":81,"column":8},"end":{"line":81,"column":20}},"36":{"start":{"line":5,"column":0},"end":{"line":5,"column":13}}},"fnMap":{"0":{"name":"(anonymous_7)","decl":{"start":{"line":11,"column":4},"end":{"line":11,"column":null}},"loc":{"start":{"line":11,"column":4},"end":{"line":18,"column":5}}},"1":{"name":"(anonymous_8)","decl":{"start":{"line":14,"column":53},"end":{"line":14,"column":56}},"loc":{"start":{"line":14,"column":58},"end":{"line":16,"column":9}}},"2":{"name":"(anonymous_9)","decl":{"start":{"line":20,"column":10},"end":{"line":20,"column":21}},"loc":{"start":{"line":20,"column":21},"end":{"line":30,"column":null}}},"3":{"name":"(anonymous_11)","decl":{"start":{"line":32,"column":10},"end":{"line":32,"column":24}},"loc":{"start":{"line":32,"column":34},"end":{"line":42,"column":null}}},"4":{"name":"(anonymous_13)","decl":{"start":{"line":44,"column":10},"end":{"line":44,"column":23}},"loc":{"start":{"line":44,"column":32},"end":{"line":53,"column":null}}},"5":{"name":"(anonymous_15)","decl":{"start":{"line":55,"column":10},"end":{"line":55,"column":23}},"loc":{"start":{"line":55,"column":32},"end":{"line":68,"column":null}}},"6":{"name":"(anonymous_17)","decl":{"start":{"line":70,"column":10},"end":{"line":70,"column":23}},"loc":{"start":{"line":70,"column":33},"end":{"line":82,"column":null}}}},"branchMap":{},"s":{"0":3,"1":3,"2":0,"3":0,"4":0,"5":0,"6":0,"7":0,"8":0,"9":0,"10":0,"11":0,"12":0,"13":0,"14":0,"15":0,"16":0,"17":0,"18":0,"19":0,"20":0,"21":0,"22":0,"23":0,"24":0,"25":0,"26":0,"27":0,"28":0,"29":0,"30":0,"31":0,"32":0,"33":0,"34":0,"35":0,"36":3},"f":{"0":0,"1":0,"2":0,"3":0,"4":0,"5":0,"6":0},"b":{}}
,"/Users/rajenderreddyburgupally/Downloads/nodejs-restapi-postgresql-ts-main/repository/show.repository.ts": {"path":"/Users/rajenderreddyburgupally/Downloads/nodejs-restapi-postgresql-ts-main/repository/show.repository.ts","statementMap":{"0":{"start":{"line":1,"column":0},"end":{"line":1,"column":31}},"1":{"start":{"line":2,"column":0},"end":{"line":2,"column":46}},"2":{"start":{"line":4,"column":0},"end":{"line":4,"column":44}},"3":{"start":{"line":9,"column":12},"end":{"line":9,"column":25}},"4":{"start":{"line":13,"column":8},"end":{"line":13,"column":28}},"5":{"start":{"line":15,"column":8},"end":{"line":17,"column":11}},"6":{"start":{"line":16,"column":12},"end":{"line":16,"column":48}},"7":{"start":{"line":18,"column":8},"end":{"line":18,"column":70}},"8":{"start":{"line":23,"column":8},"end":{"line":30,"column":null}},"9":{"start":{"line":24,"column":26},"end":{"line":24,"column":62}},"10":{"start":{"line":25,"column":12},"end":{"line":25,"column":43}},"11":{"start":{"line":26,"column":12},"end":{"line":26,"column":25}},"12":{"start":{"line":28,"column":12},"end":{"line":28,"column":29}},"13":{"start":{"line":29,"column":12},"end":{"line":29,"column":22}},"14":{"start":{"line":35,"column":8},"end":{"line":46,"column":null}},"15":{"start":{"line":36,"column":26},"end":{"line":40,"column":14}},"16":{"start":{"line":41,"column":12},"end":{"line":41,"column":43}},"17":{"start":{"line":42,"column":12},"end":{"line":42,"column":25}},"18":{"start":{"line":44,"column":12},"end":{"line":44,"column":29}},"19":{"start":{"line":45,"column":12},"end":{"line":45,"column":22}},"20":{"start":{"line":51,"column":8},"end":{"line":64,"column":null}},"21":{"start":{"line":52,"column":26},"end":{"line":58,"column":14}},"22":{"start":{"line":59,"column":12},"end":{"line":59,"column":43}},"23":{"start":{"line":60,"column":12},"end":{"line":60,"column":25}},"24":{"start":{"line":62,"column":12},"end":{"line":62,"column":29}},"25":{"start":{"line":63,"column":12},"end":{"line":63,"column":22}},"26":{"start":{"line":68,"column":19},"end":{"line":68,"column":21}},"27":{"start":{"line":69,"column":8},"end":{"line":74,"column":null}},"28":{"start":{"line":70,"column":12},"end":{"line":70,"column":55}},"29":{"start":{"line":71,"column":12},"end":{"line":71,"column":59}},"30":{"start":{"line":73,"column":12},"end":{"line":73,"column":47}},"31":{"start":{"line":75,"column":8},"end":{"line":75,"column":20}},"32":{"start":{"line":79,"column":19},"end":{"line":79,"column":21}},"33":{"start":{"line":80,"column":8},"end":{"line":89,"column":null}},"34":{"start":{"line":81,"column":12},"end":{"line":81,"column":56}},"35":{"start":{"line":82,"column":12},"end":{"line":86,"column":15}},"36":{"start":{"line":88,"column":12},"end":{"line":88,"column":47}},"37":{"start":{"line":90,"column":8},"end":{"line":90,"column":20}},"38":{"start":{"line":94,"column":19},"end":{"line":94,"column":21}},"39":{"start":{"line":95,"column":8},"end":{"line":103,"column":null}},"40":{"start":{"line":96,"column":12},"end":{"line":100,"column":15}},"41":{"start":{"line":102,"column":12},"end":{"line":102,"column":47}},"42":{"start":{"line":104,"column":8},"end":{"line":104,"column":20}},"43":{"start":{"line":6,"column":0},"end":{"line":6,"column":13}}},"fnMap":{"0":{"name":"(anonymous_7)","decl":{"start":{"line":12,"column":4},"end":{"line":12,"column":null}},"loc":{"start":{"line":12,"column":4},"end":{"line":19,"column":5}}},"1":{"name":"(anonymous_8)","decl":{"start":{"line":15,"column":53},"end":{"line":15,"column":56}},"loc":{"start":{"line":15,"column":58},"end":{"line":17,"column":9}}},"2":{"name":"(anonymous_9)","decl":{"start":{"line":21,"column":10},"end":{"line":21,"column":18}},"loc":{"start":{"line":21,"column":18},"end":{"line":31,"column":null}}},"3":{"name":"(anonymous_11)","decl":{"start":{"line":33,"column":10},"end":{"line":33,"column":29}},"loc":{"start":{"line":33,"column":39},"end":{"line":47,"column":null}}},"4":{"name":"(anonymous_13)","decl":{"start":{"line":49,"column":10},"end":{"line":49,"column":30}},"loc":{"start":{"line":49,"column":41},"end":{"line":65,"column":null}}},"5":{"name":"(anonymous_15)","decl":{"start":{"line":67,"column":10},"end":{"line":67,"column":20}},"loc":{"start":{"line":67,"column":25},"end":{"line":76,"column":null}}},"6":{"name":"(anonymous_17)","decl":{"start":{"line":78,"column":10},"end":{"line":78,"column":20}},"loc":{"start":{"line":78,"column":25},"end":{"line":91,"column":null}}},"7":{"name":"(anonymous_19)","decl":{"start":{"line":93,"column":10},"end":{"line":93,"column":20}},"loc":{"start":{"line":93,"column":27},"end":{"line":105,"column":null}}}},"branchMap":{},"s":{"0":2,"1":2,"2":2,"3":0,"4":0,"5":0,"6":0,"7":0,"8":0,"9":0,"10":0,"11":0,"12":0,"13":0,"14":0,"15":0,"16":0,"17":0,"18":0,"19":0,"20":0,"21":0,"22":0,"23":0,"24":0,"25":0,"26":0,"27":0,"28":0,"29":0,"30":0,"31":0,"32":0,"33":0,"34":0,"35":0,"36":0,"37":0,"38":0,"39":0,"40":0,"41":0,"42":0,"43":2},"f":{"0":0,"1":0,"2":0,"3":0,"4":0,"5":0,"6":0,"7":0},"b":{}}
,"/Users/rajenderreddyburgupally/Downloads/nodejs-restapi-postgresql-ts-main/service/network.service.ts": {"path":"/Users/rajenderreddyburgupally/Downloads/nodejs-restapi-postgresql-ts-main/service/network.service.ts","statementMap":{"0":{"start":{"line":1,"column":0},"end":{"line":1,"column":69}},"1":{"start":{"line":8,"column":8},"end":{"line":8,"column":57}},"2":{"start":{"line":12,"column":8},"end":{"line":12,"column":58}},"3":{"start":{"line":16,"column":8},"end":{"line":16,"column":67}},"4":{"start":{"line":20,"column":8},"end":{"line":20,"column":67}},"5":{"start":{"line":24,"column":8},"end":{"line":24,"column":69}},"6":{"start":{"line":3,"column":0},"end":{"line":3,"column":13}}},"fnMap":{"0":{"name":"(anonymous_7)","decl":{"start":{"line":7,"column":4},"end":{"line":7,"column":null}},"loc":{"start":{"line":7,"column":4},"end":{"line":9,"column":5}}},"1":{"name":"(anonymous_8)","decl":{"start":{"line":11,"column":10},"end":{"line":11,"column":21}},"loc":{"start":{"line":11,"column":21},"end":{"line":13,"column":null}}},"2":{"name":"(anonymous_10)","decl":{"start":{"line":15,"column":10},"end":{"line":15,"column":23}},"loc":{"start":{"line":15,"column":31},"end":{"line":17,"column":null}}},"3":{"name":"(anonymous_12)","decl":{"start":{"line":19,"column":10},"end":{"line":19,"column":23}},"loc":{"start":{"line":19,"column":31},"end":{"line":21,"column":null}}},"4":{"name":"(anonymous_14)","decl":{"start":{"line":23,"column":10},"end":{"line":23,"column":23}},"loc":{"start":{"line":23,"column":33},"end":{"line":25,"column":null}}}},"branchMap":{},"s":{"0":2,"1":1,"2":0,"3":0,"4":0,"5":0,"6":2},"f":{"0":1,"1":0,"2":0,"3":0,"4":0},"b":{}}
,"/Users/rajenderreddyburgupally/Downloads/nodejs-restapi-postgresql-ts-main/service/package.service.ts": {"path":"/Users/rajenderreddyburgupally/Downloads/nodejs-restapi-postgresql-ts-main/service/package.service.ts","statementMap":{"0":{"start":{"line":1,"column":0},"end":{"line":1,"column":69}},"1":{"start":{"line":8,"column":8},"end":{"line":8,"column":57}},"2":{"start":{"line":12,"column":8},"end":{"line":12,"column":58}},"3":{"start":{"line":16,"column":8},"end":{"line":16,"column":58}},"4":{"start":{"line":20,"column":8},"end":{"line":20,"column":70}},"5":{"start":{"line":24,"column":8},"end":{"line":24,"column":68}},"6":{"start":{"line":28,"column":8},"end":{"line":28,"column":68}},"7":{"start":{"line":32,"column":8},"end":{"line":32,"column":69}},"8":{"start":{"line":3,"column":0},"end":{"line":3,"column":13}}},"fnMap":{"0":{"name":"(anonymous_7)","decl":{"start":{"line":7,"column":4},"end":{"line":7,"column":null}},"loc":{"start":{"line":7,"column":4},"end":{"line":9,"column":5}}},"1":{"name":"(anonymous_8)","decl":{"start":{"line":11,"column":10},"end":{"line":11,"column":21}},"loc":{"start":{"line":11,"column":21},"end":{"line":13,"column":null}}},"2":{"name":"(anonymous_10)","decl":{"start":{"line":15,"column":10},"end":{"line":15,"column":22}},"loc":{"start":{"line":15,"column":22},"end":{"line":17,"column":null}}},"3":{"name":"(anonymous_12)","decl":{"start":{"line":19,"column":10},"end":{"line":19,"column":24}},"loc":{"start":{"line":19,"column":34},"end":{"line":21,"column":null}}},"4":{"name":"(anonymous_14)","decl":{"start":{"line":23,"column":10},"end":{"line":23,"column":23}},"loc":{"start":{"line":23,"column":32},"end":{"line":25,"column":null}}},"5":{"name":"(anonymous_16)","decl":{"start":{"line":27,"column":10},"end":{"line":27,"column":23}},"loc":{"start":{"line":27,"column":32},"end":{"line":29,"column":null}}},"6":{"name":"(anonymous_18)","decl":{"start":{"line":31,"column":10},"end":{"line":31,"column":23}},"loc":{"start":{"line":31,"column":33},"end":{"line":33,"column":null}}}},"branchMap":{},"s":{"0":3,"1":1,"2":0,"3":0,"4":0,"5":0,"6":0,"7":0,"8":3},"f":{"0":1,"1":0,"2":0,"3":0,"4":0,"5":0,"6":0},"b":{}}
,"/Users/rajenderreddyburgupally/Downloads/nodejs-restapi-postgresql-ts-main/service/show.service.ts": {"path":"/Users/rajenderreddyburgupally/Downloads/nodejs-restapi-postgresql-ts-main/service/show.service.ts","statementMap":{"0":{"start":{"line":1,"column":0},"end":{"line":1,"column":63}},"1":{"start":{"line":8,"column":8},"end":{"line":8,"column":51}},"2":{"start":{"line":12,"column":8},"end":{"line":12,"column":52}},"3":{"start":{"line":15,"column":8},"end":{"line":15,"column":72}},"4":{"start":{"line":18,"column":8},"end":{"line":18,"column":74}},"5":{"start":{"line":21,"column":8},"end":{"line":21,"column":58}},"6":{"start":{"line":25,"column":8},"end":{"line":25,"column":58}},"7":{"start":{"line":29,"column":8},"end":{"line":29,"column":60}},"8":{"start":{"line":3,"column":0},"end":{"line":3,"column":13}}},"fnMap":{"0":{"name":"(anonymous_7)","decl":{"start":{"line":7,"column":4},"end":{"line":7,"column":null}},"loc":{"start":{"line":7,"column":4},"end":{"line":9,"column":5}}},"1":{"name":"(anonymous_8)","decl":{"start":{"line":11,"column":10},"end":{"line":11,"column":18}},"loc":{"start":{"line":11,"column":18},"end":{"line":13,"column":null}}},"2":{"name":"(anonymous_10)","decl":{"start":{"line":14,"column":10},"end":{"line":14,"column":29}},"loc":{"start":{"line":14,"column":39},"end":{"line":16,"column":null}}},"3":{"name":"(anonymous_12)","decl":{"start":{"line":17,"column":10},"end":{"line":17,"column":30}},"loc":{"start":{"line":17,"column":41},"end":{"line":19,"column":null}}},"4":{"name":"(anonymous_14)","decl":{"start":{"line":20,"column":10},"end":{"line":20,"column":20}},"loc":{"start":{"line":20,"column":25},"end":{"line":22,"column":null}}},"5":{"name":"(anonymous_16)","decl":{"start":{"line":24,"column":10},"end":{"line":24,"column":20}},"loc":{"start":{"line":24,"column":25},"end":{"line":26,"column":null}}},"6":{"name":"(anonymous_18)","decl":{"start":{"line":28,"column":10},"end":{"line":28,"column":20}},"loc":{"start":{"line":28,"column":27},"end":{"line":30,"column":null}}}},"branchMap":{},"s":{"0":2,"1":1,"2":0,"3":0,"4":0,"5":0,"6":0,"7":0,"8":2},"f":{"0":1,"1":0,"2":0,"3":0,"4":0,"5":0,"6":0},"b":{}}
}
