TN:
SF:config/db.config.ts
FN:6,(anonymous_0)
FNF:1
FNH:0
FNDA:0,(anonymous_0)
DA:1,7
DA:2,7
DA:3,7
DA:4,7
DA:6,7
DA:8,0
DA:9,0
DA:10,0
DA:11,0
DA:12,0
DA:14,0
DA:16,0
DA:18,0
DA:31,0
DA:33,0
DA:34,0
DA:35,0
DA:37,0
LF:18
LH:5
BRF:0
BRH:0
end_of_record
TN:
SF:controller/network.controller.ts
FN:9,(anonymous_7)
FN:14,(anonymous_8)
FN:19,(anonymous_10)
FN:24,(anonymous_12)
FN:29,(anonymous_14)
FNF:5
FNH:1
FNDA:1,(anonymous_7)
FNDA:0,(anonymous_8)
FNDA:0,(anonymous_10)
FNDA:0,(anonymous_12)
FNDA:0,(anonymous_14)
DA:1,1
DA:2,1
DA:4,1
DA:10,1
DA:11,1
DA:15,0
DA:16,0
DA:20,0
DA:21,0
DA:25,0
DA:26,0
DA:30,0
DA:31,0
LF:13
LH:5
BRF:0
BRH:0
end_of_record
TN:
SF:controller/package.controller.ts
FN:9,(anonymous_7)
FN:14,(anonymous_8)
FN:19,(anonymous_10)
FN:24,(anonymous_12)
FN:29,(anonymous_14)
FN:34,(anonymous_16)
FNF:6
FNH:1
FNDA:1,(anonymous_7)
FNDA:0,(anonymous_8)
FNDA:0,(anonymous_10)
FNDA:0,(anonymous_12)
FNDA:0,(anonymous_14)
FNDA:0,(anonymous_16)
DA:1,1
DA:2,1
DA:4,1
DA:10,1
DA:11,1
DA:15,0
DA:16,0
DA:20,0
DA:21,0
DA:25,0
DA:26,0
DA:30,0
DA:31,0
DA:35,0
DA:36,0
LF:15
LH:5
BRF:0
BRH:0
end_of_record
TN:
SF:controller/show.controller.ts
FN:11,(anonymous_7)
FN:17,(anonymous_8)
FN:22,(anonymous_10)
FN:27,(anonymous_12)
FN:32,(anonymous_14)
FN:37,(anonymous_16)
FN:45,(anonymous_18)
FNF:7
FNH:1
FNDA:1,(anonymous_7)
FNDA:0,(anonymous_8)
FNDA:0,(anonymous_10)
FNDA:0,(anonymous_12)
FNDA:0,(anonymous_14)
FNDA:0,(anonymous_16)
FNDA:0,(anonymous_18)
DA:1,1
DA:2,1
DA:3,1
DA:5,1
DA:12,1
DA:13,1
DA:14,1
DA:18,0
DA:19,0
DA:23,0
DA:24,0
DA:28,0
DA:29,0
DA:33,0
DA:34,0
DA:38,0
DA:40,0
DA:42,0
DA:46,0
DA:47,0
LF:20
LH:7
BRDA:42,0,0,0
BRDA:42,0,1,0
BRDA:42,1,0,0
BRDA:42,1,1,0
BRF:4
BRH:0
end_of_record
TN:
SF:logger/api.logger.ts
FN:8,(anonymous_0)
FN:12,(anonymous_1)
FNF:2
FNH:0
FNDA:0,(anonymous_0)
FNDA:0,(anonymous_1)
DA:1,3
DA:3,3
DA:6,3
DA:9,0
DA:13,0
LF:5
LH:3
BRDA:9,0,0,0
BRDA:9,0,1,0
BRF:2
BRH:0
end_of_record
TN:
SF:model/network.model.ts
FNF:0
FNH:0
DA:1,7
DA:4,7
DA:6,7
DA:9,7
DA:12,7
DA:15,7
DA:18,7
DA:21,7
DA:24,7
LF:9
LH:9
BRF:0
BRH:0
end_of_record
TN:
SF:model/package.model.ts
FNF:0
FNH:0
DA:1,7
DA:4,7
DA:7,7
DA:10,7
DA:13,7
DA:16,7
DA:19,7
DA:22,7
DA:25,7
DA:28,7
LF:10
LH:10
BRF:0
BRH:0
end_of_record
TN:
SF:model/show.model.ts
FNF:0
FNH:0
DA:1,7
DA:4,7
DA:7,7
DA:10,7
DA:13,7
DA:16,7
DA:19,7
DA:22,7
DA:25,7
DA:28,7
DA:31,7
LF:11
LH:11
BRF:0
BRH:0
end_of_record
TN:
SF:repository/network.repository.ts
FN:11,(anonymous_7)
FN:14,(anonymous_8)
FN:20,(anonymous_9)
FN:32,(anonymous_11)
FN:43,(anonymous_13)
FN:58,(anonymous_15)
FNF:6
FNH:0
FNDA:0,(anonymous_7)
FNDA:0,(anonymous_8)
FNDA:0,(anonymous_9)
FNDA:0,(anonymous_11)
FNDA:0,(anonymous_13)
FNDA:0,(anonymous_15)
DA:1,2
DA:3,2
DA:5,2
DA:8,0
DA:12,0
DA:14,0
DA:15,0
DA:17,0
DA:22,0
DA:23,0
DA:24,0
DA:25,0
DA:27,0
DA:28,0
DA:33,0
DA:34,0
DA:35,0
DA:36,0
DA:38,0
DA:40,0
DA:44,0
DA:45,0
DA:46,0
DA:47,0
DA:53,0
DA:55,0
DA:59,0
DA:60,0
DA:61,0
DA:67,0
DA:69,0
LF:31
LH:3
BRF:0
BRH:0
end_of_record
TN:
SF:repository/package.repository.ts
FN:11,(anonymous_7)
FN:14,(anonymous_8)
FN:20,(anonymous_9)
FN:32,(anonymous_11)
FN:44,(anonymous_13)
FN:55,(anonymous_15)
FN:70,(anonymous_17)
FNF:7
FNH:0
FNDA:0,(anonymous_7)
FNDA:0,(anonymous_8)
FNDA:0,(anonymous_9)
FNDA:0,(anonymous_11)
FNDA:0,(anonymous_13)
FNDA:0,(anonymous_15)
FNDA:0,(anonymous_17)
DA:1,3
DA:3,3
DA:5,3
DA:8,0
DA:12,0
DA:14,0
DA:15,0
DA:17,0
DA:22,0
DA:23,0
DA:24,0
DA:25,0
DA:27,0
DA:28,0
DA:34,0
DA:35,0
DA:36,0
DA:37,0
DA:39,0
DA:40,0
DA:45,0
DA:46,0
DA:47,0
DA:48,0
DA:50,0
DA:52,0
DA:56,0
DA:57,0
DA:58,0
DA:59,0
DA:65,0
DA:67,0
DA:71,0
DA:72,0
DA:73,0
DA:79,0
DA:81,0
LF:37
LH:3
BRF:0
BRH:0
end_of_record
TN:
SF:repository/show.repository.ts
FN:12,(anonymous_7)
FN:15,(anonymous_8)
FN:21,(anonymous_9)
FN:33,(anonymous_11)
FN:49,(anonymous_13)
FN:67,(anonymous_15)
FN:78,(anonymous_17)
FN:93,(anonymous_19)
FNF:8
FNH:0
FNDA:0,(anonymous_7)
FNDA:0,(anonymous_8)
FNDA:0,(anonymous_9)
FNDA:0,(anonymous_11)
FNDA:0,(anonymous_13)
FNDA:0,(anonymous_15)
FNDA:0,(anonymous_17)
FNDA:0,(anonymous_19)
DA:1,2
DA:2,2
DA:4,2
DA:6,2
DA:9,0
DA:13,0
DA:15,0
DA:16,0
DA:18,0
DA:23,0
DA:24,0
DA:25,0
DA:26,0
DA:28,0
DA:29,0
DA:35,0
DA:36,0
DA:41,0
DA:42,0
DA:44,0
DA:45,0
DA:51,0
DA:52,0
DA:59,0
DA:60,0
DA:62,0
DA:63,0
DA:68,0
DA:69,0
DA:70,0
DA:71,0
DA:73,0
DA:75,0
DA:79,0
DA:80,0
DA:81,0
DA:82,0
DA:88,0
DA:90,0
DA:94,0
DA:95,0
DA:96,0
DA:102,0
DA:104,0
LF:44
LH:4
BRF:0
BRH:0
end_of_record
TN:
SF:service/network.service.ts
FN:7,(anonymous_7)
FN:11,(anonymous_8)
FN:15,(anonymous_10)
FN:19,(anonymous_12)
FN:23,(anonymous_14)
FNF:5
FNH:1
FNDA:1,(anonymous_7)
FNDA:0,(anonymous_8)
FNDA:0,(anonymous_10)
FNDA:0,(anonymous_12)
FNDA:0,(anonymous_14)
DA:1,2
DA:3,2
DA:8,1
DA:12,0
DA:16,0
DA:20,0
DA:24,0
LF:7
LH:3
BRF:0
BRH:0
end_of_record
TN:
SF:service/package.service.ts
FN:7,(anonymous_7)
FN:11,(anonymous_8)
FN:15,(anonymous_10)
FN:19,(anonymous_12)
FN:23,(anonymous_14)
FN:27,(anonymous_16)
FN:31,(anonymous_18)
FNF:7
FNH:1
FNDA:1,(anonymous_7)
FNDA:0,(anonymous_8)
FNDA:0,(anonymous_10)
FNDA:0,(anonymous_12)
FNDA:0,(anonymous_14)
FNDA:0,(anonymous_16)
FNDA:0,(anonymous_18)
DA:1,3
DA:3,3
DA:8,1
DA:12,0
DA:16,0
DA:20,0
DA:24,0
DA:28,0
DA:32,0
LF:9
LH:3
BRF:0
BRH:0
end_of_record
TN:
SF:service/show.service.ts
FN:7,(anonymous_7)
FN:11,(anonymous_8)
FN:14,(anonymous_10)
FN:17,(anonymous_12)
FN:20,(anonymous_14)
FN:24,(anonymous_16)
FN:28,(anonymous_18)
FNF:7
FNH:1
FNDA:1,(anonymous_7)
FNDA:0,(anonymous_8)
FNDA:0,(anonymous_10)
FNDA:0,(anonymous_12)
FNDA:0,(anonymous_14)
FNDA:0,(anonymous_16)
FNDA:0,(anonymous_18)
DA:1,2
DA:3,2
DA:8,1
DA:12,0
DA:15,0
DA:18,0
DA:21,0
DA:25,0
DA:29,0
LF:9
LH:3
BRF:0
BRH:0
end_of_record
